<?xml version="1.0" encoding="UTF-8"?>
<testsuite xmlns:xsi="http://www.w3.org/2001/XMLSchema-instance" xsi:noNamespaceSchemaLocation="https://maven.apache.org/surefire/maven-surefire-plugin/xsd/surefire-test-report-3.0.xsd" version="3.0" name="randomDateGenerator.Tester.AppTest" time="0.039" tests="5" errors="0" skipped="0" failures="0">
  <properties>
[...]
</properties>
  <testcase name="testLeapYear" classname="randomDateGenerator.Tester.AppTest" time="0.007">
    <system-out><![CDATA[Day is  15 Month is 7 Year is 1765
1765-07-15
]]></system-out>
  </testcase>
  <testcase name="testDaysOfMonth" classname="randomDateGenerator.Tester.AppTest" time="0.001">
    <system-out><![CDATA[Day is  24 Month is 5 Year is 1746
1746-05-24
]]></system-out>
  </testcase>
  <testcase name="testRandomness" classname="randomDateGenerator.Tester.AppTest" time="0.001">
    <system-out><![CDATA[Day is  16 Month is 10 Year is 1768
1768-10-16
Day is  11 Month is 4 Year is 1732
1732-04-11
]]></system-out>
  </testcase>
  <testcase name="testDateWithinRange" classname="randomDateGenerator.Tester.AppTest" time="0.002">
    <system-out><![CDATA[Day is  8 Month is 1 Year is 1839
1839-01-08
]]></system-out>
  </testcase>
  <testcase name="testFormat" classname="randomDateGenerator.Tester.AppTest" time="0.002">
    <system-out><![CDATA[Day is  8 Month is 2 Year is 1766
1766-02-08
]]></system-out>
  </testcase>
</testsuite>